{"endpoint":"/api/users/","errors":[{"location":"body","msg":"Password must be between 8 and 12 characters long","path":"password","type":"field","value":"weak"},{"location":"body","msg":"Password must contain at least one lowercase letter, one uppercase letter, one number, and one special character","path":"password","type":"field","value":"weak"}],"ip":"::1","level":"warn","message":"Validation failed","service":"cooshey-cake-backend","timestamp":"2025-11-17T02:21:40.856Z"}
{"endpoint":"/api/users/","errors":[{"location":"body","msg":"Password must be between 8 and 12 characters long","path":"password","type":"field","value":"StrongPass123!"}],"ip":"::1","level":"warn","message":"Validation failed","service":"cooshey-cake-backend","timestamp":"2025-11-17T02:21:51.931Z"}
{"email":"test@example.com","error":"Unknown column 'failedAttempts' in 'field list'","ip":"::1","level":"error","message":"Login error","service":"cooshey-cake-backend","timestamp":"2025-11-17T02:39:19.405Z"}
{"email":"test@example.com","error":"Unknown column 'failedAttempts' in 'field list'","ip":"::1","level":"error","message":"Login error","service":"cooshey-cake-backend","timestamp":"2025-11-17T02:40:19.275Z"}
{"email":"test@example.com","error":"Unknown column 'failedAttempts' in 'field list'","ip":"::1","level":"error","message":"Login error","service":"cooshey-cake-backend","timestamp":"2025-11-17T02:40:43.115Z"}
{"email":"test@example.com","error":"Unknown column 'failedAttempts' in 'field list'","ip":"::1","level":"error","message":"Login error","service":"cooshey-cake-backend","timestamp":"2025-11-17T02:41:12.671Z"}
{"email":"test@example.com","error":"Unknown column 'failedAttempts' in 'field list'","ip":"::1","level":"error","message":"Login error","service":"cooshey-cake-backend","timestamp":"2025-11-17T02:42:43.606Z"}
{"email":"test@example.com","ip":"::1","level":"warn","message":"Login failed - user not found","service":"cooshey-cake-backend","timestamp":"2025-11-17T02:58:23.439Z"}
{"email":"janincomon@gmail.com","ip":"::1","level":"warn","message":"Login failed - user not found","service":"cooshey-cake-backend","timestamp":"2025-11-17T03:01:19.046Z"}
{"email":"dirk1@gmail.com","error":"user.matchPassword is not a function","ip":"::1","level":"error","message":"Login error","service":"cooshey-cake-backend","timestamp":"2025-11-17T03:01:26.875Z"}
{"email":"dirk1@gmail.com","error":"user.matchPassword is not a function","ip":"::1","level":"error","message":"Login error","service":"cooshey-cake-backend","timestamp":"2025-11-17T03:01:55.034Z"}
{"email":"dirk1@gmail.com","error":"user.matchPassword is not a function","ip":"::1","level":"error","message":"Login error","service":"cooshey-cake-backend","timestamp":"2025-11-17T03:02:01.320Z"}
{"email":"janincomon@gmail.com","ip":"::1","level":"warn","message":"Login failed - user not found","service":"cooshey-cake-backend","timestamp":"2025-11-17T03:02:07.816Z"}
{"email":"janincomon@gmail.com","ip":"::1","level":"warn","message":"Login failed - user not found","service":"cooshey-cake-backend","timestamp":"2025-11-17T03:03:07.520Z"}
{"email":"dirk1@gmail.com","error":"user.matchPassword is not a function","ip":"::1","level":"error","message":"Login error","service":"cooshey-cake-backend","timestamp":"2025-11-17T03:03:12.134Z"}
{"email":"dirk1@gmail.com","error":"user.matchPassword is not a function","ip":"::1","level":"error","message":"Login error","service":"cooshey-cake-backend","timestamp":"2025-11-17T03:03:17.254Z"}
{"email":"janincomon@gmail.com","ip":"::1","level":"warn","message":"Login failed - user not found","service":"cooshey-cake-backend","timestamp":"2025-11-17T03:07:18.468Z"}
{"email":"janincomon@gmail.com","ip":"::1","level":"warn","message":"Login failed - user not found","service":"cooshey-cake-backend","timestamp":"2025-11-17T03:13:16.834Z"}
{"email":"janincomon@gmail.com","ip":"::1","level":"warn","message":"Login failed - user not found","service":"cooshey-cake-backend","timestamp":"2025-11-17T06:31:30.639Z"}
{"endpoint":"/api/users/","errors":[{"location":"body","msg":"Password must be between 8 and 12 characters long","path":"password","type":"field","value":"Janincomon123#"}],"ip":"::1","level":"warn","message":"Validation failed","service":"cooshey-cake-backend","timestamp":"2025-11-17T06:31:51.893Z"}
{"endpoint":"/api/users/","errors":[{"location":"body","msg":"Password must be between 8 and 12 characters long","path":"password","type":"field","value":"Janincomon123#"}],"ip":"::1","level":"warn","message":"Validation failed","service":"cooshey-cake-backend","timestamp":"2025-11-17T06:31:53.503Z"}
{"endpoint":"/api/users/","errors":[{"location":"body","msg":"Password must be between 8 and 12 characters long","path":"password","type":"field","value":"Janincomon123#"}],"ip":"::1","level":"warn","message":"Validation failed","service":"cooshey-cake-backend","timestamp":"2025-11-17T06:31:54.036Z"}
{"endpoint":"/api/users/","errors":[{"location":"body","msg":"Password must be between 8 and 12 characters long","path":"password","type":"field","value":"Janincomon123#"}],"ip":"::1","level":"warn","message":"Validation failed","service":"cooshey-cake-backend","timestamp":"2025-11-17T06:31:54.257Z"}
